<?xml version="1.0" encoding="UTF-8"?>
<!-- Generated by org.testng.reporters.JUnitReportReporter -->
<testsuite skipped="0" hostname="Phoenix" name="tests.AddEmployeeTest" tests="1" failures="0" timestamp="23 ene 2018 09:51:38 GMT" time="7.100" errors="0">
  <testcase name="addEmployee" time="7.100" classname="tests.AddEmployeeTest"/>
</testsuite> <!-- tests.AddEmployeeTest -->
