<?xml version="1.0" encoding="UTF-8"?>
<!-- Generated by org.testng.reporters.JUnitReportReporter -->
<testsuite skipped="0" hostname="Phoenix" name="tests.InvalidLoginTest" tests="1" failures="0" timestamp="23 ene 2018 08:18:39 GMT" time="2.624" errors="0">
  <testcase name="invalidLogin" time="2.624" classname="tests.InvalidLoginTest"/>
</testsuite> <!-- tests.InvalidLoginTest -->
