<?xml version="1.0" encoding="UTF-8"?>
<!-- Generated by org.testng.reporters.JUnitReportReporter -->
<testsuite skipped="0" hostname="Phoenix" name="tests.EditEmployeeTest" tests="1" failures="0" timestamp="23 ene 2018 08:18:39 GMT" time="6.369" errors="0">
  <testcase name="editEmployee" time="6.369" classname="tests.EditEmployeeTest"/>
</testsuite> <!-- tests.EditEmployeeTest -->
