<?xml version="1.0" encoding="UTF-8"?>
<!-- Generated by org.testng.reporters.JUnitReportReporter -->
<testsuite skipped="0" hostname="Phoenix" name="tests.ValidLoginTest" tests="1" failures="0" timestamp="23 ene 2018 08:18:39 GMT" time="2.513" errors="0">
  <testcase name="validLogin" time="2.513" classname="tests.ValidLoginTest"/>
</testsuite> <!-- tests.ValidLoginTest -->
