<?xml version="1.0" encoding="UTF-8"?>
<!-- Generated by org.testng.reporters.JUnitReportReporter -->
<testsuite skipped="0" hostname="Phoenix" name="tests.LogoutTest" tests="1" failures="0" timestamp="23 ene 2018 08:18:39 GMT" time="3.844" errors="0">
  <testcase name="validLogout" time="3.844" classname="tests.LogoutTest"/>
</testsuite> <!-- tests.LogoutTest -->
