<?xml version="1.0" encoding="UTF-8"?>
<!-- Generated by org.testng.reporters.JUnitReportReporter -->
<testsuite skipped="0" hostname="ACER" name="tests.LogoutTest" tests="1" failures="0" timestamp="20 jun 2019 22:24:33 GMT" time="3.244" errors="0">
  <testcase name="validLogout" time="3.244" classname="tests.LogoutTest"/>
</testsuite> <!-- tests.LogoutTest -->
