<?xml version="1.0" encoding="UTF-8"?>
<!-- Generated by org.testng.reporters.JUnitReportReporter -->
<testsuite skipped="0" hostname="ACER" name="tests.DeleteEmployeeTest" tests="1" failures="0" timestamp="20 jun 2019 22:24:33 GMT" time="16.456" errors="0">
  <testcase name="deleteEmployee" time="16.456" classname="tests.DeleteEmployeeTest"/>
</testsuite> <!-- tests.DeleteEmployeeTest -->
