<?xml version="1.0" encoding="UTF-8"?>
<!-- Generated by org.testng.reporters.JUnitReportReporter -->
<testsuite skipped="0" hostname="ACER" name="tests.ValidLoginTest" tests="1" failures="0" timestamp="20 jun 2019 22:24:33 GMT" time="1.550" errors="0">
  <testcase name="validLogin" time="1.550" classname="tests.ValidLoginTest"/>
</testsuite> <!-- tests.ValidLoginTest -->
