<?xml version="1.0" encoding="UTF-8"?>
<!-- Generated by org.testng.reporters.JUnitReportReporter -->
<testsuite skipped="0" hostname="Phoenix" name="tests.AddEmployeeTest" tests="1" failures="0" timestamp="23 ene 2018 10:14:27 GMT" time="9.023" errors="0">
  <testcase name="addEmployee" time="9.023" classname="tests.AddEmployeeTest"/>
</testsuite> <!-- tests.AddEmployeeTest -->
