<?xml version="1.0" encoding="UTF-8"?>
<!-- Generated by org.testng.reporters.JUnitReportReporter -->
<testsuite skipped="0" hostname="Phoenix" name="tests.DeleteEmployeeTest" tests="1" failures="0" timestamp="23 ene 2018 10:14:27 GMT" time="20.101" errors="0">
  <testcase name="deleteEmployee" time="20.101" classname="tests.DeleteEmployeeTest"/>
</testsuite> <!-- tests.DeleteEmployeeTest -->
